c:\users\andre.trofino\development\afe\scryingmirror\scryingmirror\scryingmirror\x64\debug\vc120.pdb
c:\users\andre.trofino\development\afe\scryingmirror\scryingmirror\scryingmirror\x64\debug\vc120.idb
c:\users\andre.trofino\development\afe\scryingmirror\scryingmirror\scryingmirror\x64\debug\hash.obj
c:\users\andre.trofino\development\afe\scryingmirror\scryingmirror\scryingmirror\x64\debug\imagehash.obj
c:\users\andre.trofino\development\afe\scryingmirror\scryingmirror\scryingmirror\x64\debug\main.obj
c:\users\andre.trofino\development\afe\scryingmirror\scryingmirror\x64\debug\scryingmirror.pdb
c:\users\andre.trofino\development\afe\scryingmirror\scryingmirror\scryingmirror\x64\debug\scryingmirror.tlog\cl.command.1.tlog
c:\users\andre.trofino\development\afe\scryingmirror\scryingmirror\scryingmirror\x64\debug\scryingmirror.tlog\cl.read.1.tlog
c:\users\andre.trofino\development\afe\scryingmirror\scryingmirror\scryingmirror\x64\debug\scryingmirror.tlog\cl.write.1.tlog
c:\users\andre.trofino\development\afe\scryingmirror\scryingmirror\scryingmirror\x64\debug\scryingmirror.tlog\link-cvtres.read.1.tlog
c:\users\andre.trofino\development\afe\scryingmirror\scryingmirror\scryingmirror\x64\debug\scryingmirror.tlog\link-cvtres.write.1.tlog
c:\users\andre.trofino\development\afe\scryingmirror\scryingmirror\scryingmirror\x64\debug\scryingmirror.tlog\link-rc.read.1.tlog
c:\users\andre.trofino\development\afe\scryingmirror\scryingmirror\scryingmirror\x64\debug\scryingmirror.tlog\link-rc.write.1.tlog
c:\users\andre.trofino\development\afe\scryingmirror\scryingmirror\scryingmirror\x64\debug\scryingmirror.tlog\link.7464-cvtres.read.1.tlog
c:\users\andre.trofino\development\afe\scryingmirror\scryingmirror\scryingmirror\x64\debug\scryingmirror.tlog\link.7464-cvtres.write.1.tlog
c:\users\andre.trofino\development\afe\scryingmirror\scryingmirror\scryingmirror\x64\debug\scryingmirror.tlog\link.7464-rc.read.1.tlog
c:\users\andre.trofino\development\afe\scryingmirror\scryingmirror\scryingmirror\x64\debug\scryingmirror.tlog\link.7464-rc.write.1.tlog
c:\users\andre.trofino\development\afe\scryingmirror\scryingmirror\scryingmirror\x64\debug\scryingmirror.tlog\link.7464.read.1.tlog
c:\users\andre.trofino\development\afe\scryingmirror\scryingmirror\scryingmirror\x64\debug\scryingmirror.tlog\link.7464.write.1.tlog
c:\users\andre.trofino\development\afe\scryingmirror\scryingmirror\scryingmirror\x64\debug\scryingmirror.tlog\link.command.1.tlog
c:\users\andre.trofino\development\afe\scryingmirror\scryingmirror\scryingmirror\x64\debug\scryingmirror.tlog\link.read.1.tlog
c:\users\andre.trofino\development\afe\scryingmirror\scryingmirror\scryingmirror\x64\debug\scryingmirror.tlog\link.write.1.tlog
